This is pdfTeX, Version 3.14159265-2.6-1.40.18 (TeX Live 2017/Debian) (preloaded format=pdflatex 2019.9.30)  14 MAR 2020 12:20
entering extended mode
 restricted \write18 enabled.
 %&-line parsing enabled.
**"COMS Proposal.tex"
(./COMS Proposal.tex
LaTeX2e <2017-04-15>
Babel <3.18> and hyphenation patterns for 84 language(s) loaded.
(/usr/share/texlive/texmf-dist/tex/latex/base/article.cls
Document Class: article 2014/09/29 v1.4h Standard LaTeX document class
(/usr/share/texlive/texmf-dist/tex/latex/base/size12.clo
File: size12.clo 2014/09/29 v1.4h Standard LaTeX file (size option)
)
\c@part=\count79
\c@section=\count80
\c@subsection=\count81
\c@subsubsection=\count82
\c@paragraph=\count83
\c@subparagraph=\count84
\c@figure=\count85
\c@table=\count86
\abovecaptionskip=\skip41
\belowcaptionskip=\skip42
\bibindent=\dimen102
)
(/usr/share/texlive/texmf-dist/tex/latex/geometry/geometry.sty
Package: geometry 2010/09/12 v5.6 Page Geometry

(/usr/share/texlive/texmf-dist/tex/latex/graphics/keyval.sty
Package: keyval 2014/10/28 v1.15 key=value parser (DPC)
\KV@toks@=\toks14
)
(/usr/share/texlive/texmf-dist/tex/generic/oberdiek/ifpdf.sty
Package: ifpdf 2017/03/15 v3.2 Provides the ifpdf switch
)
(/usr/share/texlive/texmf-dist/tex/generic/oberdiek/ifvtex.sty
Package: ifvtex 2016/05/16 v1.6 Detect VTeX and its facilities (HO)
Package ifvtex Info: VTeX not detected.
)
(/usr/share/texlive/texmf-dist/tex/generic/ifxetex/ifxetex.sty
Package: ifxetex 2010/09/12 v0.6 Provides ifxetex conditional
)
\Gm@cnth=\count87
\Gm@cntv=\count88
\c@Gm@tempcnt=\count89
\Gm@bindingoffset=\dimen103
\Gm@wd@mp=\dimen104
\Gm@odd@mp=\dimen105
\Gm@even@mp=\dimen106
\Gm@layoutwidth=\dimen107
\Gm@layoutheight=\dimen108
\Gm@layouthoffset=\dimen109
\Gm@layoutvoffset=\dimen110
\Gm@dimlist=\toks15
)
(/usr/share/texlive/texmf-dist/tex/latex/tools/tabularx.sty
Package: tabularx 2016/02/03 v2.11 `tabularx' package (DPC)

(/usr/share/texlive/texmf-dist/tex/latex/tools/array.sty
Package: array 2016/10/06 v2.4d Tabular extension package (FMi)
\col@sep=\dimen111
\extrarowheight=\dimen112
\NC@list=\toks16
\extratabsurround=\skip43
\backup@length=\skip44
)
\TX@col@width=\dimen113
\TX@old@table=\dimen114
\TX@old@col=\dimen115
\TX@target=\dimen116
\TX@delta=\dimen117
\TX@cols=\count90
\TX@ftn=\toks17
)
(/usr/share/texlive/texmf-dist/tex/latex/graphics/graphicx.sty
Package: graphicx 2017/06/01 v1.1a Enhanced LaTeX Graphics (DPC,SPQR)

(/usr/share/texlive/texmf-dist/tex/latex/graphics/graphics.sty
Package: graphics 2017/06/25 v1.2c Standard LaTeX Graphics (DPC,SPQR)

(/usr/share/texlive/texmf-dist/tex/latex/graphics/trig.sty
Package: trig 2016/01/03 v1.10 sin cos tan (DPC)
)
(/usr/share/texlive/texmf-dist/tex/latex/graphics-cfg/graphics.cfg
File: graphics.cfg 2016/06/04 v1.11 sample graphics configuration
)
Package graphics Info: Driver file: pdftex.def on input line 99.

(/usr/share/texlive/texmf-dist/tex/latex/graphics-def/pdftex.def
File: pdftex.def 2018/01/08 v1.0l Graphics/color driver for pdftex
))
\Gin@req@height=\dimen118
\Gin@req@width=\dimen119
)
(/usr/share/texlive/texmf-dist/tex/latex/caption/caption.sty
Package: caption 2016/02/21 v3.3-144 Customizing captions (AR)

(/usr/share/texlive/texmf-dist/tex/latex/caption/caption3.sty
Package: caption3 2016/05/22 v1.7-166 caption3 kernel (AR)
Package caption3 Info: TeX engine: e-TeX on input line 67.
\captionmargin=\dimen120
\captionmargin@=\dimen121
\captionwidth=\dimen122
\caption@tempdima=\dimen123
\caption@indent=\dimen124
\caption@parindent=\dimen125
\caption@hangindent=\dimen126
)
\c@ContinuedFloat=\count91
)
(/usr/share/texlive/texmf-dist/tex/latex/placeins/placeins.sty
Package: placeins 2005/04/18  v 2.2
)
(/usr/share/texlive/texmf-dist/tex/latex/float/float.sty
Package: float 2001/11/08 v1.3d Float enhancements (AL)
\c@float@type=\count92
\float@exts=\toks18
\float@box=\box26
\@float@everytoks=\toks19
\@floatcapt=\box27
) (./COMS Proposal.aux

LaTeX Warning: Label `fig:5' multiply defined.

)
\openout1 = `"COMS Proposal.aux"'.

LaTeX Font Info:    Checking defaults for OML/cmm/m/it on input line 20.
LaTeX Font Info:    ... okay on input line 20.
LaTeX Font Info:    Checking defaults for T1/cmr/m/n on input line 20.
LaTeX Font Info:    ... okay on input line 20.
LaTeX Font Info:    Checking defaults for OT1/cmr/m/n on input line 20.
LaTeX Font Info:    ... okay on input line 20.
LaTeX Font Info:    Checking defaults for OMS/cmsy/m/n on input line 20.
LaTeX Font Info:    ... okay on input line 20.
LaTeX Font Info:    Checking defaults for OMX/cmex/m/n on input line 20.
LaTeX Font Info:    ... okay on input line 20.
LaTeX Font Info:    Checking defaults for U/cmr/m/n on input line 20.
LaTeX Font Info:    ... okay on input line 20.

*geometry* driver: auto-detecting
*geometry* detected driver: pdftex
*geometry* verbose mode - [ preamble ] result:
* driver: pdftex
* paper: a4paper
* layout: <same size as paper>
* layoutoffset:(h,v)=(0.0pt,0.0pt)
* modes: 
* h-part:(L,W,R)=(57.81621pt, 481.87546pt, 57.81621pt)
* v-part:(T,H,B)=(57.81621pt, 729.41443pt, 57.81621pt)
* \paperwidth=597.50787pt
* \paperheight=845.04684pt
* \textwidth=481.87546pt
* \textheight=729.41443pt
* \oddsidemargin=-14.45378pt
* \evensidemargin=-14.45378pt
* \topmargin=-51.45378pt
* \headheight=12.0pt
* \headsep=25.0pt
* \topskip=12.0pt
* \footskip=30.0pt
* \marginparwidth=35.0pt
* \marginparsep=10.0pt
* \columnsep=10.0pt
* \skip\footins=10.8pt plus 4.0pt minus 2.0pt
* \hoffset=0.0pt
* \voffset=0.0pt
* \mag=1000
* \@twocolumnfalse
* \@twosidefalse
* \@mparswitchfalse
* \@reversemarginfalse
* (1in=72.27pt=25.4mm, 1cm=28.453pt)

(/usr/share/texlive/texmf-dist/tex/context/base/mkii/supp-pdf.mkii
[Loading MPS to PDF converter (version 2006.09.02).]
\scratchcounter=\count93
\scratchdimen=\dimen127
\scratchbox=\box28
\nofMPsegments=\count94
\nofMParguments=\count95
\everyMPshowfont=\toks20
\MPscratchCnt=\count96
\MPscratchDim=\dimen128
\MPnumerator=\count97
\makeMPintoPDFobject=\count98
\everyMPtoPDFconversion=\toks21
) (/usr/share/texlive/texmf-dist/tex/latex/oberdiek/epstopdf-base.sty
Package: epstopdf-base 2016/05/15 v2.6 Base part for package epstopdf

(/usr/share/texlive/texmf-dist/tex/generic/oberdiek/infwarerr.sty
Package: infwarerr 2016/05/16 v1.4 Providing info/warning/error messages (HO)
)
(/usr/share/texlive/texmf-dist/tex/latex/oberdiek/grfext.sty
Package: grfext 2016/05/16 v1.2 Manage graphics extensions (HO)

(/usr/share/texlive/texmf-dist/tex/generic/oberdiek/kvdefinekeys.sty
Package: kvdefinekeys 2016/05/16 v1.4 Define keys (HO)

(/usr/share/texlive/texmf-dist/tex/generic/oberdiek/ltxcmds.sty
Package: ltxcmds 2016/05/16 v1.23 LaTeX kernel commands for general use (HO)
)))
(/usr/share/texlive/texmf-dist/tex/latex/oberdiek/kvoptions.sty
Package: kvoptions 2016/05/16 v3.12 Key value format for package options (HO)

(/usr/share/texlive/texmf-dist/tex/generic/oberdiek/kvsetkeys.sty
Package: kvsetkeys 2016/05/16 v1.17 Key value parser (HO)

(/usr/share/texlive/texmf-dist/tex/generic/oberdiek/etexcmds.sty
Package: etexcmds 2016/05/16 v1.6 Avoid name clashes with e-TeX commands (HO)

(/usr/share/texlive/texmf-dist/tex/generic/oberdiek/ifluatex.sty
Package: ifluatex 2016/05/16 v1.4 Provides the ifluatex switch (HO)
Package ifluatex Info: LuaTeX not detected.
)
Package etexcmds Info: Could not find \expanded.
(etexcmds)             That can mean that you are not using pdfTeX 1.50 or
(etexcmds)             that some package has redefined \expanded.
(etexcmds)             In the latter case, load this package earlier.
)))
(/usr/share/texlive/texmf-dist/tex/generic/oberdiek/pdftexcmds.sty
Package: pdftexcmds 2018/01/21 v0.26 Utility functions of pdfTeX for LuaTeX (HO
)
Package pdftexcmds Info: LuaTeX not detected.
Package pdftexcmds Info: \pdf@primitive is available.
Package pdftexcmds Info: \pdf@ifprimitive is available.
Package pdftexcmds Info: \pdfdraftmode found.
)
Package epstopdf-base Info: Redefining graphics rule for `.eps' on input line 4
38.
Package grfext Info: Graphics extension search list:
(grfext)             [.pdf,.png,.jpg,.mps,.jpeg,.jbig2,.jb2,.PDF,.PNG,.JPG,.JPE
G,.JBIG2,.JB2,.eps]
(grfext)             \AppendGraphicsExtensions on input line 456.

(/usr/share/texlive/texmf-dist/tex/latex/latexconfig/epstopdf-sys.cfg
File: epstopdf-sys.cfg 2010/07/13 v1.3 Configuration of (r)epstopdf for TeX Liv
e
))
Package caption Info: Begin \AtBeginDocument code.
Package caption Info: float package is loaded.
Package caption Info: End \AtBeginDocument code.
LaTeX Font Info:    External font `cmex10' loaded for size
(Font)              <14.4> on input line 22.
LaTeX Font Info:    External font `cmex10' loaded for size
(Font)              <7> on input line 22.


LaTeX Warning: No \author given.


Underfull \hbox (badness 10000) in paragraph at lines 23--26

 []


Underfull \hbox (badness 10000) in paragraph at lines 23--26

 []

[1

{/var/lib/texmf/fonts/map/pdftex/updmap/pdftex.map}] (./COMS Proposal.toc
LaTeX Font Info:    External font `cmex10' loaded for size
(Font)              <12> on input line 2.
LaTeX Font Info:    External font `cmex10' loaded for size
(Font)              <8> on input line 2.
LaTeX Font Info:    External font `cmex10' loaded for size
(Font)              <6> on input line 2.

[2])
\tf@toc=\write3
\openout3 = `"COMS Proposal.toc"'.

 [1]
LaTeX Font Info:    Try loading font information for OMS+cmr on input line 76.
 (/usr/share/texlive/texmf-dist/tex/latex/base/omscmr.fd
File: omscmr.fd 2014/09/29 v2.5h Standard LaTeX font definitions
)
LaTeX Font Info:    Font shape `OMS/cmr/m/n' in size <12> not available
(Font)              Font shape `OMS/cmsy/m/n' tried instead on input line 76.
 [1] [2]
Underfull \hbox (badness 10000) in paragraph at lines 89--90

 []


Underfull \hbox (badness 10000) in paragraph at lines 111--112

 []


Underfull \hbox (badness 10000) in paragraph at lines 113--114

 []


Underfull \hbox (badness 10000) in paragraph at lines 115--116

 []

[3]
Missing character: There is no â in font cmr12!
Missing character: There is no € in font cmr12!
Missing character: There is no ™ in font cmr12!
Missing character: There is no â in font cmr12!
Missing character: There is no € in font cmr12!
Missing character: There is no ™ in font cmr12!
 [4]
Missing character: There is no â in font cmr12!
Missing character: There is no € in font cmr12!
Missing character: There is no ™ in font cmr12!
Missing character: There is no â in font cmr12!
Missing character: There is no € in font cmr12!
Missing character: There is no ™ in font cmr12!
Missing character: There is no â in font cmr12!
Missing character: There is no € in font cmr12!
Missing character: There is no ™ in font cmr12!
 [5] [6]
<Q2.png, id=34, 678.28406pt x 474.27188pt>
File: Q2.png Graphic file (type png)
<use Q2.png>
Package pdftex.def Info: Q2.png  used on input line 233.
(pdftex.def)             Requested size: 406.97357pt x 284.56532pt.
 [7 <./Q2.png>]
<Q3.png, id=40, 680.5425pt x 484.05844pt>
File: Q3.png Graphic file (type png)
<use Q3.png>
Package pdftex.def Info: Q3.png  used on input line 243.
(pdftex.def)             Requested size: 408.32864pt x 290.4373pt.
 [8 <./Q3.png>]
<Q4.png, id=45, 676.77844pt x 437.38406pt>
File: Q4.png Graphic file (type png)
<use Q4.png>
Package pdftex.def Info: Q4.png  used on input line 253.
(pdftex.def)             Requested size: 406.0702pt x 262.43245pt.
 [9 <./Q4.png>]
<Q5.png, id=50, 676.77844pt x 474.27188pt>
File: Q5.png Graphic file (type png)
<use Q5.png>
Package pdftex.def Info: Q5.png  used on input line 263.
(pdftex.def)             Requested size: 406.0702pt x 284.56532pt.
 [10 <./Q5.png>]
<Q6.png, id=56, 676.02562pt x 300.3722pt>
File: Q6.png Graphic file (type png)
<use Q6.png>
Package pdftex.def Info: Q6.png  used on input line 273.
(pdftex.def)             Requested size: 481.87546pt x 214.11365pt.
<Q6_2.png, id=57, 678.28406pt x 301.8778pt>
File: Q6_2.png Graphic file (type png)
<use Q6_2.png>
Package pdftex.def Info: Q6_2.png  used on input line 274.
(pdftex.def)             Requested size: 481.87546pt x 214.46371pt.

[11 <./Q6.png> <./Q6_2.png>]
<Q6_3.png, id=63, 679.03688pt x 142.28156pt>
File: Q6_3.png Graphic file (type png)
<use Q6_3.png>
Package pdftex.def Info: Q6_3.png  used on input line 284.
(pdftex.def)             Requested size: 481.87546pt x 100.96849pt.
<Q6_4.png, id=64, 677.53125pt x 304.13625pt>
File: Q6_4.png Graphic file (type png)
<use Q6_4.png>
Package pdftex.def Info: Q6_4.png  used on input line 285.
(pdftex.def)             Requested size: 481.87546pt x 216.31413pt.
 [12 <./Q6_3.png> <./Q6_4.png>]
<Q7.png, id=70, 676.02562pt x 420.82219pt>
File: Q7.png Graphic file (type png)
<use Q7.png>
Package pdftex.def Info: Q7.png  used on input line 295.
(pdftex.def)             Requested size: 405.6185pt x 252.49525pt.
 [13 <./Q7.png>]
<Q8.png, id=75, 676.77844pt x 444.15938pt>
File: Q8.png Graphic file (type png)
<use Q8.png>
Package pdftex.def Info: Q8.png  used on input line 305.
(pdftex.def)             Requested size: 406.0702pt x 266.49767pt.

[14 <./Q8.png>]
<Q9.png, id=80, 677.53125pt x 407.27156pt>
File: Q9.png Graphic file (type png)
<use Q9.png>
Package pdftex.def Info: Q9.png  used on input line 315.
(pdftex.def)             Requested size: 406.52188pt x 244.3648pt.
 [15 <./Q9.png>] [16] [17]
Missing character: There is no â in font cmr12!
Missing character: There is no € in font cmr12!
Missing character: There is no ™ in font cmr12!
Missing character: There is no â in font cmr12!
Missing character: There is no € in font cmr12!
Missing character: There is no ™ in font cmr12!
 [18] [19] [20] [21] [22] [23]
<Registration(1)IfNo.png, id=111, 973.6375pt x 547.04375pt>
File: Registration(1)IfNo.png Graphic file (type png)
<use Registration(1)IfNo.png>
Package pdftex.def Info: Registration(1)IfNo.png  used on input line 550.
(pdftex.def)             Requested size: 438.13283pt x 246.1674pt.
<Registration(2)InvalidDetails.png, id=112, 973.6375pt x 575.14874pt>
File: Registration(2)InvalidDetails.png Graphic file (type png)
<use Registration(2)InvalidDetails.png>
Package pdftex.def Info: Registration(2)InvalidDetails.png  used on input line 
557.
(pdftex.def)             Requested size: 438.13283pt x 258.81454pt.
<Registration(2).png, id=113, 973.6375pt x 575.14874pt>
File: Registration(2).png Graphic file (type png)
<use Registration(2).png>
Package pdftex.def Info: Registration(2).png  used on input line 564.
(pdftex.def)             Requested size: 438.13283pt x 258.81454pt.

[24 <./Registration(1)IfNo.png>]
<EmailAddressVerified.png, id=118, 973.6375pt x 547.04375pt>
File: EmailAddressVerified.png Graphic file (type png)
<use EmailAddressVerified.png>
Package pdftex.def Info: EmailAddressVerified.png  used on input line 571.
(pdftex.def)             Requested size: 486.81755pt x 273.5212pt.

Overfull \hbox (4.9421pt too wide) in paragraph at lines 571--572
 [][] 
 []

[25 <./Registration(2)InvalidDetails.png> <./Registration(2).png>]
<LoginPageInvalidCredentials.png, id=124, 973.6375pt x 547.04375pt>
File: LoginPageInvalidCredentials.png Graphic file (type png)
<use LoginPageInvalidCredentials.png>
Package pdftex.def Info: LoginPageInvalidCredentials.png  used on input line 58
4.
(pdftex.def)             Requested size: 486.81755pt x 273.5212pt.

Overfull \hbox (4.9421pt too wide) in paragraph at lines 584--585
 [][] 
 []

<LoginPage.png, id=125, 973.6375pt x 547.04375pt>
File: LoginPage.png Graphic file (type png)
<use LoginPage.png>
Package pdftex.def Info: LoginPage.png  used on input line 591.
(pdftex.def)             Requested size: 486.81755pt x 273.5212pt.

Overfull \hbox (4.9421pt too wide) in paragraph at lines 591--592
 [][] 
 []

[26 <./EmailAddressVerified.png>]
<LoginPageForgotPassword.png, id=130, 973.6375pt x 547.04375pt>
File: LoginPageForgotPassword.png Graphic file (type png)
<use LoginPageForgotPassword.png>
Package pdftex.def Info: LoginPageForgotPassword.png  used on input line 602.
(pdftex.def)             Requested size: 389.44809pt x 218.81361pt.
<LoginPageForgotPassword(2).png, id=131, 973.6375pt x 547.04375pt>
File: LoginPageForgotPassword(2).png Graphic file (type png)
<use LoginPageForgotPassword(2).png>
Package pdftex.def Info: LoginPageForgotPassword(2).png  used on input line 608
.
(pdftex.def)             Requested size: 389.44809pt x 218.81361pt.
 [27 <./LoginPageInvalidCredentials.png> <./LoginPage.png>]
<HomePage.png, id=138, 987.69pt x 491.8375pt>
File: HomePage.png Graphic file (type png)
<use HomePage.png>
Package pdftex.def Info: HomePage.png  used on input line 619.
(pdftex.def)             Requested size: 493.8438pt x 245.91814pt.

Overfull \hbox (11.96834pt too wide) in paragraph at lines 619--620
 [][] 
 []

<Careers.png, id=139, 987.69pt x 612.2875pt>
File: Careers.png Graphic file (type png)
<use Careers.png>
Package pdftex.def Info: Careers.png  used on input line 625.
(pdftex.def)             Requested size: 296.30928pt x 183.68767pt.
[28 <./LoginPageForgotPassword.png> <./LoginPageForgotPassword(2).png>]
<Courses.png, id=147, 987.69pt x 742.775pt>
File: Courses.png Graphic file (type png)
<use Courses.png>
Package pdftex.def Info: Courses.png  used on input line 632.
(pdftex.def)             Requested size: 345.69667pt x 259.97514pt.
<UniversitiesPage1.png, id=148, 987.69pt x 792.9625pt>
File: UniversitiesPage1.png Graphic file (type png)
<use UniversitiesPage1.png>
Package pdftex.def Info: UniversitiesPage1.png  used on input line 638.
(pdftex.def)             Requested size: 345.69667pt x 277.54103pt.

[29 <./HomePage.png> <./Careers.png>]
Overfull \vbox (8.4145pt too high) has occurred while \output is active []


[30 <./Courses.png> <./UniversitiesPage1.png>]
<UniversitiesPage2.png, id=159, 987.69pt x 835.12pt>
File: UniversitiesPage2.png Graphic file (type png)
<use UniversitiesPage2.png>
Package pdftex.def Info: UniversitiesPage2.png  used on input line 645.
(pdftex.def)             Requested size: 493.8438pt x 417.55898pt.

Overfull \hbox (11.96834pt too wide) in paragraph at lines 645--646
 [][] 
 []

[31 <./UniversitiesPage2.png>]
<UniversitiesSouthAfrica.png, id=164, 991.705pt x 575.14874pt>
File: UniversitiesSouthAfrica.png Graphic file (type png)
<use UniversitiesSouthAfrica.png>
Package pdftex.def Info: UniversitiesSouthAfrica.png  used on input line 659.
(pdftex.def)             Requested size: 396.67497pt x 230.05542pt.
<CareersPage.png, id=165, 989.6975pt x 575.14874pt>
File: CareersPage.png Graphic file (type png)
<use CareersPage.png>
Package pdftex.def Info: CareersPage.png  used on input line 665.
(pdftex.def)             Requested size: 395.87198pt x 230.05542pt.
<CoursesPage.png, id=166, 989.6975pt x 575.14874pt>
File: CoursesPage.png Graphic file (type png)
<use CoursesPage.png>
Package pdftex.def Info: CoursesPage.png  used on input line 672.
(pdftex.def)             Requested size: 296.91154pt x 172.54594pt.
<HomePageNav.png, id=167, 987.69pt x 491.8375pt>
File: HomePageNav.png Graphic file (type png)
<use HomePageNav.png>
Package pdftex.def Info: HomePageNav.png  used on input line 678.
(pdftex.def)             Requested size: 395.069pt x 196.7315pt.
 [32 <./UniversitiesSouthAfrica.png> <./CareersPage.png>] [33 <./CoursesPage.pn
g> <./HomePageNav.png>]
<Account.png, id=178, 987.69pt x 693.59125pt>
File: Account.png Graphic file (type png)
<use Account.png>
Package pdftex.def Info: Account.png  used on input line 700.
(pdftex.def)             Requested size: 345.69667pt x 242.76057pt.
<AccountPhotoChange.png, id=179, 987.69pt x 697.60625pt>
File: AccountPhotoChange.png Graphic file (type png)
<use AccountPhotoChange.png>
Package pdftex.def Info: AccountPhotoChange.png  used on input line 706.
(pdftex.def)             Requested size: 345.69667pt x 244.16583pt.
<AccountChangingDetails.png, id=180, 987.69pt x 747.79375pt>
File: AccountChangingDetails.png Graphic file (type png)
<use AccountChangingDetails.png>
Package pdftex.def Info: AccountChangingDetails.png  used on input line 716.
(pdftex.def)             Requested size: 395.069pt x 299.1122pt.
<AccountChangingDetailsSave.png, id=181, 987.69pt x 739.76375pt>
File: AccountChangingDetailsSave.png Graphic file (type png)
<use AccountChangingDetailsSave.png>
Package pdftex.def Info: AccountChangingDetailsSave.png  used on input line 722
.
(pdftex.def)             Requested size: 395.069pt x 295.90025pt.
 [34 <./Account.png> <./AccountPhotoChange.png>]
Overfull \vbox (16.55074pt too high) has occurred while \output is active []


[35 <./AccountChangingDetails.png> <./AccountChangingDetailsSave.png>]
<Inbox.png, id=193, 987.69pt x 680.5425pt>
File: Inbox.png Graphic file (type png)
<use Inbox.png>
Package pdftex.def Info: Inbox.png  used on input line 734.
(pdftex.def)             Requested size: 493.8438pt x 340.27042pt.

Overfull \hbox (11.96834pt too wide) in paragraph at lines 734--735
 [][] 
 []

[36 <./Inbox.png>]
<ProfileAppInfoPersonalDetailsOpt(1).png, id=198, 987.69pt x 680.5425pt>
File: ProfileAppInfoPersonalDetailsOpt(1).png Graphic file (type png)
<use ProfileAppInfoPersonalDetailsOpt(1).png>
Package pdftex.def Info: ProfileAppInfoPersonalDetailsOpt(1).png  used on input
 line 749.
(pdftex.def)             Requested size: 395.069pt x 272.21217pt.
<ProfileAppInfoPersonalDetailsOpt(2).png, id=199, 987.69pt x 682.55pt>
File: ProfileAppInfoPersonalDetailsOpt(2).png Graphic file (type png)
<use ProfileAppInfoPersonalDetailsOpt(2).png>
Package pdftex.def Info: ProfileAppInfoPersonalDetailsOpt(2).png  used on input
 line 758.
(pdftex.def)             Requested size: 395.069pt x 273.01517pt.
 [37 <./ProfileAppInfoPersonalDetailsOpt(1).png>]
<ProfileAppInfoNextOfKin.png, id=204, 987.69pt x 698.61pt>
File: ProfileAppInfoNextOfKin.png Graphic file (type png)
<use ProfileAppInfoNextOfKin.png>
Package pdftex.def Info: ProfileAppInfoNextOfKin.png  used on input line 765.
(pdftex.def)             Requested size: 395.069pt x 279.43904pt.
<ProfileAppInfoAddresses.png, id=205, 987.69pt x 700.6175pt>
File: ProfileAppInfoAddresses.png Graphic file (type png)
<use ProfileAppInfoAddresses.png>
Package pdftex.def Info: ProfileAppInfoAddresses.png  used on input line 772.
(pdftex.def)             Requested size: 345.69667pt x 245.21979pt.
<ProfileAppInfoAddressesPage2.png, id=206, 987.69pt x 705.63625pt>
File: ProfileAppInfoAddressesPage2.png Graphic file (type png)
<use ProfileAppInfoAddressesPage2.png>
Package pdftex.def Info: ProfileAppInfoAddressesPage2.png  used on input line 7
78.
(pdftex.def)             Requested size: 345.69667pt x 246.97638pt.
 [38 <./ProfileAppInfoPersonalDetailsOpt(2).png> <./ProfileAppInfoNextOfKin.png
>]
<ProfileAppInfoSchoolParticulars.png, id=212, 983.675pt x 730.73pt>
File: ProfileAppInfoSchoolParticulars.png Graphic file (type png)
<use ProfileAppInfoSchoolParticulars.png>
Package pdftex.def Info: ProfileAppInfoSchoolParticulars.png  used on input lin
e 785.
(pdftex.def)             Requested size: 393.46303pt x 292.28682pt.
<ProfileAppInfoHealthInformation.png, id=213, 987.69pt x 722.7pt>
File: ProfileAppInfoHealthInformation.png Graphic file (type png)
<use ProfileAppInfoHealthInformation.png>
Package pdftex.def Info: ProfileAppInfoHealthInformation.png  used on input lin
e 791.
(pdftex.def)             Requested size: 395.069pt x 289.07487pt.
 [39 <./ProfileAppInfoAddresses.png> <./ProfileAppInfoAddressesPage2.png>]
Overfull \vbox (2.89998pt too high) has occurred while \output is active []


[40 <./ProfileAppInfoSchoolParticulars.png> <./ProfileAppInfoHealthInformation.
png>]
<ProfileAppInfoHealthInformationPage2.png, id=225, 987.69pt x 722.7pt>
File: ProfileAppInfoHealthInformationPage2.png Graphic file (type png)
<use ProfileAppInfoHealthInformationPage2.png>
Package pdftex.def Info: ProfileAppInfoHealthInformationPage2.png  used on inpu
t line 801.
(pdftex.def)             Requested size: 493.8438pt x 361.3491pt.

Overfull \hbox (11.96834pt too wide) in paragraph at lines 801--802
 [][] 
 []

[41 <./ProfileAppInfoHealthInformationPage2.png>]
<ProfileFinancialAidBursaries.png, id=230, 987.69pt x 722.7pt>
File: ProfileFinancialAidBursaries.png Graphic file (type png)
<use ProfileFinancialAidBursaries.png>
Package pdftex.def Info: ProfileFinancialAidBursaries.png  used on input line 8
15.
(pdftex.def)             Requested size: 345.69667pt x 252.94878pt.
<ProfileFinancialAidBursariesPage2.png, id=231, 987.69pt x 722.7pt>
File: ProfileFinancialAidBursariesPage2.png Graphic file (type png)
<use ProfileFinancialAidBursariesPage2.png>
Package pdftex.def Info: ProfileFinancialAidBursariesPage2.png  used on input l
ine 821.
(pdftex.def)             Requested size: 345.69667pt x 252.94878pt.
<ProfileFinancialAidBursariesPage2NoResults.png, id=232, 987.69pt x 722.7pt>
File: ProfileFinancialAidBursariesPage2NoResults.png Graphic file (type png)
<use ProfileFinancialAidBursariesPage2NoResults.png>
Package pdftex.def Info: ProfileFinancialAidBursariesPage2NoResults.png  used o
n input line 832.
(pdftex.def)             Requested size: 395.069pt x 289.07487pt.
<ProfileFinancialAidFeesEstimator.png, id=233, 983.675pt x 722.7pt>
File: ProfileFinancialAidFeesEstimator.png Graphic file (type png)
<use ProfileFinancialAidFeesEstimator.png>
Package pdftex.def Info: ProfileFinancialAidFeesEstimator.png  used on input li
ne 841.
(pdftex.def)             Requested size: 393.46303pt x 289.07487pt.
 [42 <./ProfileFinancialAidBursaries.png> <./ProfileFinancialAidBursariesPage2.
png>]
<ProfileResidencePreferences.png, id=239, 987.69pt x 722.7pt>
File: ProfileResidencePreferences.png Graphic file (type png)
<use ProfileResidencePreferences.png>
Package pdftex.def Info: ProfileResidencePreferences.png  used on input line 85
3.
(pdftex.def)             Requested size: 345.69667pt x 252.94878pt.
<ProfileResidenceResidences.png, id=240, 987.69pt x 722.7pt>
File: ProfileResidenceResidences.png Graphic file (type png)
<use ProfileResidenceResidences.png>
Package pdftex.def Info: ProfileResidenceResidences.png  used on input line 859
.
(pdftex.def)             Requested size: 345.69667pt x 252.94878pt.
 [43 <./ProfileFinancialAidBursariesPage2NoResults.png> <./ProfileFinancialAidF
eesEstimator.png>]
<ProfileResidenceResidencesRemoveResidence.png, id=246, 987.69pt x 722.7pt>
File: ProfileResidenceResidencesRemoveResidence.png Graphic file (type png)
<use ProfileResidenceResidencesRemoveResidence.png>
Package pdftex.def Info: ProfileResidenceResidencesRemoveResidence.png  used on
 input line 871.
(pdftex.def)             Requested size: 493.8438pt x 361.3491pt.

Overfull \hbox (11.96834pt too wide) in paragraph at lines 871--872
 [][] 
 []

[44 <./ProfileResidencePreferences.png> <./ProfileResidenceResidences.png>]
[45 <./ProfileResidenceResidencesRemoveResidence.png>]
<ProfileMyUniversities.png, id=256, 987.69pt x 722.7pt>
File: ProfileMyUniversities.png Graphic file (type png)
<use ProfileMyUniversities.png>
Package pdftex.def Info: ProfileMyUniversities.png  used on input line 883.
(pdftex.def)             Requested size: 345.69667pt x 252.94878pt.
<ProfileMyUniversitiesRemoveUniversity.png, id=257, 987.69pt x 722.7pt>
File: ProfileMyUniversitiesRemoveUniversity.png Graphic file (type png)
<use ProfileMyUniversitiesRemoveUniversity.png>
Package pdftex.def Info: ProfileMyUniversitiesRemoveUniversity.png  used on inp
ut line 890.
(pdftex.def)             Requested size: 345.69667pt x 252.94878pt.
<ProfileMyCourses.png, id=258, 987.69pt x 722.7pt>
File: ProfileMyCourses.png Graphic file (type png)
<use ProfileMyCourses.png>
Package pdftex.def Info: ProfileMyCourses.png  used on input line 903.
(pdftex.def)             Requested size: 345.69667pt x 252.94878pt.
<ProfileMyCoursesRemoveCourse.png, id=259, 987.69pt x 722.7pt>
File: ProfileMyCoursesRemoveCourse.png Graphic file (type png)
<use ProfileMyCoursesRemoveCourse.png>
Package pdftex.def Info: ProfileMyCoursesRemoveCourse.png  used on input line 9
10.
(pdftex.def)             Requested size: 345.69667pt x 252.94878pt.
 [46 <./ProfileMyUniversities.png> <./ProfileMyUniversitiesRemoveUniversity.png
>]
<ProfileMyDocuments.png, id=266, 987.69pt x 722.7pt>
File: ProfileMyDocuments.png Graphic file (type png)
<use ProfileMyDocuments.png>
Package pdftex.def Info: ProfileMyDocuments.png  used on input line 923.
(pdftex.def)             Requested size: 345.69667pt x 252.94878pt.
<ProfileMyDocumentsPage2.png, id=267, 987.69pt x 722.7pt>
File: ProfileMyDocumentsPage2.png Graphic file (type png)
<use ProfileMyDocumentsPage2.png>
Package pdftex.def Info: ProfileMyDocumentsPage2.png  used on input line 930.
(pdftex.def)             Requested size: 345.69667pt x 252.94878pt.
 [47 <./ProfileMyCourses.png> <./ProfileMyCoursesRemoveCourse.png>]
<ProfileMyDocumentsBrowse.png, id=274, 987.69pt x 722.7pt>
File: ProfileMyDocumentsBrowse.png Graphic file (type png)
<use ProfileMyDocumentsBrowse.png>
Package pdftex.def Info: ProfileMyDocumentsBrowse.png  used on input line 943.
(pdftex.def)             Requested size: 345.69667pt x 252.94878pt.
<ProfileMyDocumentsFileSelected.png, id=275, 987.69pt x 722.7pt>
File: ProfileMyDocumentsFileSelected.png Graphic file (type png)
<use ProfileMyDocumentsFileSelected.png>
Package pdftex.def Info: ProfileMyDocumentsFileSelected.png  used on input line
 950.
(pdftex.def)             Requested size: 345.69667pt x 252.94878pt.
 [48 <./ProfileMyDocuments.png> <./ProfileMyDocumentsPage2.png>]
<ProfileMyDocumentsUpload.png, id=281, 988.69376pt x 722.7pt>
File: ProfileMyDocumentsUpload.png Graphic file (type png)
<use ProfileMyDocumentsUpload.png>
Package pdftex.def Info: ProfileMyDocumentsUpload.png  used on input line 959.
(pdftex.def)             Requested size: 494.34567pt x 361.3491pt.

Overfull \hbox (12.47021pt too wide) in paragraph at lines 959--960
 [][] 
 []

[49 <./ProfileMyDocumentsBrowse.png> <./ProfileMyDocumentsFileSelected.png>]
[50 <./ProfileMyDocumentsUpload.png>] (./COMS Proposal.aux)

LaTeX Warning: There were multiply-defined labels.

 ) 
Here is how much of TeX's memory you used:
 4997 strings out of 492982
 87958 string characters out of 6134896
 117172 words of memory out of 5000000
 6995 multiletter control sequences out of 15000+600000
 9723 words of font info for 34 fonts, out of 8000000 for 9000
 1141 hyphenation exceptions out of 8191
 41i,7n,39p,1551b,341s stack positions out of 5000i,500n,10000p,200000b,80000s
</usr/share/texlive/texmf-dist/fonts/type1/public/amsfonts/cm/cmbx10.pfb></us
r/share/texlive/texmf-dist/fonts/type1/public/amsfonts/cm/cmbx12.pfb></usr/shar
e/texlive/texmf-dist/fonts/type1/public/amsfonts/cm/cmr10.pfb></usr/share/texli
ve/texmf-dist/fonts/type1/public/amsfonts/cm/cmr12.pfb></usr/share/texlive/texm
f-dist/fonts/type1/public/amsfonts/cm/cmsy10.pfb>
Output written on "COMS Proposal.pdf" (53 pages, 2817511 bytes).
PDF statistics:
 311 PDF objects out of 1000 (max. 8388607)
 135 compressed objects within 2 object streams
 0 named destinations out of 1000 (max. 500000)
 286 words of extra memory for PDF output out of 10000 (max. 10000000)

